2022-09-17 16:41:57,501  INFO [main] (ConnectionImpl.java:32) - Configuration property file search order:
    user.dir = D:\eclipse-workspace-us\FileNet_Out
    user.home = C:\Users\svadl
    java.home = C:\Program Files\Java\jdk-18.0.1
2022-09-17 16:41:57,553  INFO [main] (ConnectionImpl.java:32) - Loading configuration resource: FileNetBuild.properties
2022-09-17 16:41:57,599  INFO [main] (AuthnLogLog4j.java:25) - [J2EEType] Detecting app server : tried to get InitialContext but that did not work so will try other method; message from trial: Need to specify class name in environment or system property, or in an application resource file: java.naming.factory.initial
2022-09-17 16:41:57,601  WARN [main] (J2EEUtil.java:506) - The code has NOT detected a need to introduce specific application server logic and is defaulting to using standard J2EE calls
2022-09-17 16:43:58,884  INFO [main] (ConnectionImpl.java:32) - Configuration property file search order:
    user.dir = D:\eclipse-workspace-us\FileNet_Out
    user.home = C:\Users\svadl
    java.home = C:\Program Files\Java\jdk-18.0.1
2022-09-17 16:43:58,916  INFO [main] (ConnectionImpl.java:32) - Loading configuration resource: FileNetBuild.properties
2022-09-17 16:43:58,950  INFO [main] (AuthnLogLog4j.java:25) - [J2EEType] Detecting app server : tried to get InitialContext but that did not work so will try other method; message from trial: Need to specify class name in environment or system property, or in an application resource file: java.naming.factory.initial
2022-09-17 16:43:58,951  WARN [main] (J2EEUtil.java:506) - The code has NOT detected a need to introduce specific application server logic and is defaulting to using standard J2EE calls
2022-09-17 17:03:00,046  INFO [main] (ConnectionImpl.java:32) - Configuration property file search order:
    user.dir = D:\eclipse-workspace-us\FileNet_Out
    user.home = C:\Users\svadl
    java.home = C:\Program Files\Java\jdk-18.0.1
2022-09-17 17:03:00,076  INFO [main] (ConnectionImpl.java:32) - Loading configuration resource: FileNetBuild.properties
2022-09-17 17:03:00,111  INFO [main] (AuthnLogLog4j.java:25) - [J2EEType] Detecting app server : tried to get InitialContext but that did not work so will try other method; message from trial: Need to specify class name in environment or system property, or in an application resource file: java.naming.factory.initial
2022-09-17 17:03:00,112  WARN [main] (J2EEUtil.java:506) - The code has NOT detected a need to introduce specific application server logic and is defaulting to using standard J2EE calls
2022-09-17 17:04:04,336  INFO [main] (ConnectionImpl.java:32) - Configuration property file search order:
    user.dir = D:\eclipse-workspace-us\FileNet_Out
    user.home = C:\Users\svadl
    java.home = C:\Program Files\Java\jdk-18.0.1
2022-09-17 17:04:04,367  INFO [main] (ConnectionImpl.java:32) - Loading configuration resource: FileNetBuild.properties
2022-09-17 17:04:04,399  INFO [main] (AuthnLogLog4j.java:25) - [J2EEType] Detecting app server : tried to get InitialContext but that did not work so will try other method; message from trial: Need to specify class name in environment or system property, or in an application resource file: java.naming.factory.initial
2022-09-17 17:04:04,399  WARN [main] (J2EEUtil.java:506) - The code has NOT detected a need to introduce specific application server logic and is defaulting to using standard J2EE calls
2022-09-17 17:05:01,528  INFO [main] (ConnectionImpl.java:32) - Configuration property file search order:
    user.dir = D:\eclipse-workspace-us\FileNet_Out
    user.home = C:\Users\svadl
    java.home = C:\Program Files\Java\jdk-18.0.1
2022-09-17 17:05:01,557  INFO [main] (ConnectionImpl.java:32) - Loading configuration resource: FileNetBuild.properties
2022-09-17 17:05:01,593  INFO [main] (AuthnLogLog4j.java:25) - [J2EEType] Detecting app server : tried to get InitialContext but that did not work so will try other method; message from trial: Need to specify class name in environment or system property, or in an application resource file: java.naming.factory.initial
2022-09-17 17:05:01,594  WARN [main] (J2EEUtil.java:506) - The code has NOT detected a need to introduce specific application server logic and is defaulting to using standard J2EE calls
2022-09-17 17:05:12,906  INFO [main] (ConnectionImpl.java:32) - Configuration property file search order:
    user.dir = D:\eclipse-workspace-us\FileNet_Out
    user.home = C:\Users\svadl
    java.home = C:\Program Files\Java\jdk-18.0.1
2022-09-17 17:05:12,934  INFO [main] (ConnectionImpl.java:32) - Loading configuration resource: FileNetBuild.properties
2022-09-17 17:05:12,970  INFO [main] (AuthnLogLog4j.java:25) - [J2EEType] Detecting app server : tried to get InitialContext but that did not work so will try other method; message from trial: Need to specify class name in environment or system property, or in an application resource file: java.naming.factory.initial
2022-09-17 17:05:12,971  WARN [main] (J2EEUtil.java:506) - The code has NOT detected a need to introduce specific application server logic and is defaulting to using standard J2EE calls
2022-09-17 19:26:16,336  INFO [main] (ConnectionImpl.java:32) - Configuration property file search order:
    user.dir = D:\eclipse-workspace-us\FileNet_Out
    user.home = C:\Users\svadl
    java.home = C:\Program Files\Java\jdk-18.0.1
2022-09-17 19:26:16,414  INFO [main] (ConnectionImpl.java:32) - Loading configuration resource: FileNetBuild.properties
2022-09-17 19:26:16,469  INFO [main] (AuthnLogLog4j.java:25) - [J2EEType] Detecting app server : tried to get InitialContext but that did not work so will try other method; message from trial: Need to specify class name in environment or system property, or in an application resource file: java.naming.factory.initial
2022-09-17 19:26:16,470  WARN [main] (J2EEUtil.java:506) - The code has NOT detected a need to introduce specific application server logic and is defaulting to using standard J2EE calls
2022-09-17 19:31:03,561  INFO [main] (ConnectionImpl.java:32) - Configuration property file search order:
    user.dir = D:\eclipse-workspace-us\FileNet_Out
    user.home = C:\Users\svadl
    java.home = C:\Program Files\Java\jdk-18.0.1
2022-09-17 19:31:03,604  INFO [main] (ConnectionImpl.java:32) - Loading configuration resource: FileNetBuild.properties
2022-09-17 19:31:03,651  INFO [main] (AuthnLogLog4j.java:25) - [J2EEType] Detecting app server : tried to get InitialContext but that did not work so will try other method; message from trial: Need to specify class name in environment or system property, or in an application resource file: java.naming.factory.initial
2022-09-17 19:31:03,652  WARN [main] (J2EEUtil.java:506) - The code has NOT detected a need to introduce specific application server logic and is defaulting to using standard J2EE calls
2022-09-17 19:31:26,831  INFO [main] (ConnectionImpl.java:32) - Configuration property file search order:
    user.dir = D:\eclipse-workspace-us\FileNet_Out
    user.home = C:\Users\svadl
    java.home = C:\Program Files\Java\jdk-18.0.1
2022-09-17 19:31:26,867  INFO [main] (ConnectionImpl.java:32) - Loading configuration resource: FileNetBuild.properties
2022-09-17 19:31:26,917  INFO [main] (AuthnLogLog4j.java:25) - [J2EEType] Detecting app server : tried to get InitialContext but that did not work so will try other method; message from trial: Need to specify class name in environment or system property, or in an application resource file: java.naming.factory.initial
2022-09-17 19:31:26,918  WARN [main] (J2EEUtil.java:506) - The code has NOT detected a need to introduce specific application server logic and is defaulting to using standard J2EE calls
2022-09-17 19:31:41,986  INFO [main] (ConnectionImpl.java:32) - Configuration property file search order:
    user.dir = D:\eclipse-workspace-us\FileNet_Out
    user.home = C:\Users\svadl
    java.home = C:\Program Files\Java\jdk-18.0.1
2022-09-17 19:31:42,023  INFO [main] (ConnectionImpl.java:32) - Loading configuration resource: FileNetBuild.properties
2022-09-17 19:31:42,078  INFO [main] (AuthnLogLog4j.java:25) - [J2EEType] Detecting app server : tried to get InitialContext but that did not work so will try other method; message from trial: Need to specify class name in environment or system property, or in an application resource file: java.naming.factory.initial
2022-09-17 19:31:42,080  WARN [main] (J2EEUtil.java:506) - The code has NOT detected a need to introduce specific application server logic and is defaulting to using standard J2EE calls
2022-09-17 19:47:33,258  INFO [main] (ConnectionImpl.java:32) - Configuration property file search order:
    user.dir = D:\eclipse-workspace-us\FileNet_Out
    user.home = C:\Users\svadl
    java.home = C:\Program Files\Java\jdk-18.0.1
2022-09-17 19:47:33,297  INFO [main] (ConnectionImpl.java:32) - Loading configuration resource: FileNetBuild.properties
2022-09-17 19:47:33,357  INFO [main] (AuthnLogLog4j.java:25) - [J2EEType] Detecting app server : tried to get InitialContext but that did not work so will try other method; message from trial: Need to specify class name in environment or system property, or in an application resource file: java.naming.factory.initial
2022-09-17 19:47:33,360  WARN [main] (J2EEUtil.java:506) - The code has NOT detected a need to introduce specific application server logic and is defaulting to using standard J2EE calls
2022-09-17 19:49:35,444  INFO [main] (ConnectionImpl.java:32) - Configuration property file search order:
    user.dir = D:\eclipse-workspace-us\FileNet_Out
    user.home = C:\Users\svadl
    java.home = C:\Program Files\Java\jdk-18.0.1
2022-09-17 19:49:35,480  INFO [main] (ConnectionImpl.java:32) - Loading configuration resource: FileNetBuild.properties
2022-09-17 19:49:35,530  INFO [main] (AuthnLogLog4j.java:25) - [J2EEType] Detecting app server : tried to get InitialContext but that did not work so will try other method; message from trial: Need to specify class name in environment or system property, or in an application resource file: java.naming.factory.initial
2022-09-17 19:49:35,532  WARN [main] (J2EEUtil.java:506) - The code has NOT detected a need to introduce specific application server logic and is defaulting to using standard J2EE calls
2022-09-17 20:14:56,941  INFO [main] (ConnectionImpl.java:32) - Configuration property file search order:
    user.dir = D:\eclipse-workspace-us\FileNet_Out
    user.home = C:\Users\svadl
    java.home = C:\Program Files\Java\jdk-18.0.1
2022-09-17 20:14:57,007  INFO [main] (ConnectionImpl.java:32) - Loading configuration resource: FileNetBuild.properties
2022-09-17 20:14:57,035  INFO [main] (AuthnLogLog4j.java:25) - [J2EEType] Detecting app server : tried to get InitialContext but that did not work so will try other method; message from trial: Need to specify class name in environment or system property, or in an application resource file: java.naming.factory.initial
2022-09-17 20:14:57,036  WARN [main] (J2EEUtil.java:506) - The code has NOT detected a need to introduce specific application server logic and is defaulting to using standard J2EE calls
2022-09-17 20:15:07,050  INFO [main] (ConnectionImpl.java:32) - Configuration property file search order:
    user.dir = D:\eclipse-workspace-us\FileNet_Out
    user.home = C:\Users\svadl
    java.home = C:\Program Files\Java\jdk-18.0.1
2022-09-17 20:15:07,074  INFO [main] (ConnectionImpl.java:32) - Loading configuration resource: FileNetBuild.properties
2022-09-17 20:15:07,105  INFO [main] (AuthnLogLog4j.java:25) - [J2EEType] Detecting app server : tried to get InitialContext but that did not work so will try other method; message from trial: Need to specify class name in environment or system property, or in an application resource file: java.naming.factory.initial
2022-09-17 20:15:07,106  WARN [main] (J2EEUtil.java:506) - The code has NOT detected a need to introduce specific application server logic and is defaulting to using standard J2EE calls
2022-09-17 21:27:38,106  INFO [main] (ConnectionImpl.java:32) - Configuration property file search order:
    user.dir = D:\eclipse-workspace-us\FileNet_Out
    user.home = C:\Users\svadl
    java.home = C:\Program Files\Java\jdk-18.0.1
2022-09-17 21:27:38,134  INFO [main] (ConnectionImpl.java:32) - Loading configuration resource: FileNetBuild.properties
2022-09-17 21:27:38,163  INFO [main] (AuthnLogLog4j.java:25) - [J2EEType] Detecting app server : tried to get InitialContext but that did not work so will try other method; message from trial: Need to specify class name in environment or system property, or in an application resource file: java.naming.factory.initial
2022-09-17 21:27:38,164  WARN [main] (J2EEUtil.java:506) - The code has NOT detected a need to introduce specific application server logic and is defaulting to using standard J2EE calls
2022-09-17 21:30:04,833  INFO [main] (ConnectionImpl.java:32) - Configuration property file search order:
    user.dir = D:\eclipse-workspace-us\FileNet_Out
    user.home = C:\Users\svadl
    java.home = C:\Program Files\Java\jdk-18.0.1
2022-09-17 21:30:04,858  INFO [main] (ConnectionImpl.java:32) - Loading configuration resource: FileNetBuild.properties
2022-09-17 21:30:04,891  INFO [main] (AuthnLogLog4j.java:25) - [J2EEType] Detecting app server : tried to get InitialContext but that did not work so will try other method; message from trial: Need to specify class name in environment or system property, or in an application resource file: java.naming.factory.initial
2022-09-17 21:30:04,892  WARN [main] (J2EEUtil.java:506) - The code has NOT detected a need to introduce specific application server logic and is defaulting to using standard J2EE calls
2022-09-17 21:32:42,065  INFO [main] (ConnectionImpl.java:32) - Configuration property file search order:
    user.dir = D:\eclipse-workspace-us\FileNet_Out
    user.home = C:\Users\svadl
    java.home = C:\Program Files\Java\jdk-18.0.1
2022-09-17 21:32:42,090  INFO [main] (ConnectionImpl.java:32) - Loading configuration resource: FileNetBuild.properties
2022-09-17 21:32:42,122  INFO [main] (AuthnLogLog4j.java:25) - [J2EEType] Detecting app server : tried to get InitialContext but that did not work so will try other method; message from trial: Need to specify class name in environment or system property, or in an application resource file: java.naming.factory.initial
2022-09-17 21:32:42,123  WARN [main] (J2EEUtil.java:506) - The code has NOT detected a need to introduce specific application server logic and is defaulting to using standard J2EE calls
2022-09-17 21:34:53,111  INFO [main] (ConnectionImpl.java:32) - Configuration property file search order:
    user.dir = D:\eclipse-workspace-us\FileNet_Out
    user.home = C:\Users\svadl
    java.home = C:\Program Files\Java\jdk-18.0.1
2022-09-17 21:34:53,140  INFO [main] (ConnectionImpl.java:32) - Loading configuration resource: FileNetBuild.properties
2022-09-17 21:34:53,173  INFO [main] (AuthnLogLog4j.java:25) - [J2EEType] Detecting app server : tried to get InitialContext but that did not work so will try other method; message from trial: Need to specify class name in environment or system property, or in an application resource file: java.naming.factory.initial
2022-09-17 21:34:53,174  WARN [main] (J2EEUtil.java:506) - The code has NOT detected a need to introduce specific application server logic and is defaulting to using standard J2EE calls
2022-09-17 21:36:36,968  INFO [main] (ConnectionImpl.java:32) - Configuration property file search order:
    user.dir = D:\eclipse-workspace-us\FileNet_Out
    user.home = C:\Users\svadl
    java.home = C:\Program Files\Java\jdk-18.0.1
2022-09-17 21:36:36,992  INFO [main] (ConnectionImpl.java:32) - Loading configuration resource: FileNetBuild.properties
2022-09-17 21:36:37,017  INFO [main] (AuthnLogLog4j.java:25) - [J2EEType] Detecting app server : tried to get InitialContext but that did not work so will try other method; message from trial: Need to specify class name in environment or system property, or in an application resource file: java.naming.factory.initial
2022-09-17 21:36:37,018  WARN [main] (J2EEUtil.java:506) - The code has NOT detected a need to introduce specific application server logic and is defaulting to using standard J2EE calls
2022-09-17 21:39:55,711  INFO [main] (ConnectionImpl.java:32) - Configuration property file search order:
    user.dir = D:\eclipse-workspace-us\FileNet_Out
    user.home = C:\Users\svadl
    java.home = C:\Program Files\Java\jdk-18.0.1
2022-09-17 21:39:55,736  INFO [main] (ConnectionImpl.java:32) - Loading configuration resource: FileNetBuild.properties
2022-09-17 21:39:55,772  INFO [main] (AuthnLogLog4j.java:25) - [J2EEType] Detecting app server : tried to get InitialContext but that did not work so will try other method; message from trial: Need to specify class name in environment or system property, or in an application resource file: java.naming.factory.initial
2022-09-17 21:39:55,773  WARN [main] (J2EEUtil.java:506) - The code has NOT detected a need to introduce specific application server logic and is defaulting to using standard J2EE calls
2022-09-17 21:45:46,173  INFO [main] (ConnectionImpl.java:32) - Configuration property file search order:
    user.dir = D:\eclipse-workspace-us\FileNet_Out
    user.home = C:\Users\svadl
    java.home = C:\Program Files\Java\jdk-18.0.1
2022-09-17 21:45:46,200  INFO [main] (ConnectionImpl.java:32) - Loading configuration resource: FileNetBuild.properties
2022-09-17 21:45:46,230  INFO [main] (AuthnLogLog4j.java:25) - [J2EEType] Detecting app server : tried to get InitialContext but that did not work so will try other method; message from trial: Need to specify class name in environment or system property, or in an application resource file: java.naming.factory.initial
2022-09-17 21:45:46,231  WARN [main] (J2EEUtil.java:506) - The code has NOT detected a need to introduce specific application server logic and is defaulting to using standard J2EE calls
2022-09-17 21:46:07,893  INFO [main] (ConnectionImpl.java:32) - Configuration property file search order:
    user.dir = D:\eclipse-workspace-us\FileNet_Out
    user.home = C:\Users\svadl
    java.home = C:\Program Files\Java\jdk-18.0.1
2022-09-17 21:46:07,921  INFO [main] (ConnectionImpl.java:32) - Loading configuration resource: FileNetBuild.properties
2022-09-17 21:46:07,950  INFO [main] (AuthnLogLog4j.java:25) - [J2EEType] Detecting app server : tried to get InitialContext but that did not work so will try other method; message from trial: Need to specify class name in environment or system property, or in an application resource file: java.naming.factory.initial
2022-09-17 21:46:07,951  WARN [main] (J2EEUtil.java:506) - The code has NOT detected a need to introduce specific application server logic and is defaulting to using standard J2EE calls
2022-09-17 21:47:04,575  INFO [main] (ConnectionImpl.java:32) - Configuration property file search order:
    user.dir = D:\eclipse-workspace-us\FileNet_Out
    user.home = C:\Users\svadl
    java.home = C:\Program Files\Java\jdk-18.0.1
2022-09-17 21:47:04,600  INFO [main] (ConnectionImpl.java:32) - Loading configuration resource: FileNetBuild.properties
2022-09-17 21:47:04,628  INFO [main] (AuthnLogLog4j.java:25) - [J2EEType] Detecting app server : tried to get InitialContext but that did not work so will try other method; message from trial: Need to specify class name in environment or system property, or in an application resource file: java.naming.factory.initial
2022-09-17 21:47:04,629  WARN [main] (J2EEUtil.java:506) - The code has NOT detected a need to introduce specific application server logic and is defaulting to using standard J2EE calls
2022-09-17 22:21:50,528  INFO [main] (ConnectionImpl.java:32) - Configuration property file search order:
    user.dir = D:\eclipse-workspace-us\FileNet_Out
    user.home = C:\Users\svadl
    java.home = C:\Program Files\Java\jdk-18.0.1
2022-09-17 22:21:50,554  INFO [main] (ConnectionImpl.java:32) - Loading configuration resource: FileNetBuild.properties
2022-09-17 22:21:50,588  INFO [main] (AuthnLogLog4j.java:25) - [J2EEType] Detecting app server : tried to get InitialContext but that did not work so will try other method; message from trial: Need to specify class name in environment or system property, or in an application resource file: java.naming.factory.initial
2022-09-17 22:21:50,589  WARN [main] (J2EEUtil.java:506) - The code has NOT detected a need to introduce specific application server logic and is defaulting to using standard J2EE calls
2022-09-17 22:23:26,342  INFO [main] (ConnectionImpl.java:32) - Configuration property file search order:
    user.dir = D:\eclipse-workspace-us\FileNet_Out
    user.home = C:\Users\svadl
    java.home = C:\Program Files\Java\jdk-18.0.1
2022-09-17 22:23:26,370  INFO [main] (ConnectionImpl.java:32) - Loading configuration resource: FileNetBuild.properties
2022-09-17 22:23:26,390  INFO [main] (AuthnLogLog4j.java:25) - [J2EEType] Detecting app server : tried to get InitialContext but that did not work so will try other method; message from trial: Need to specify class name in environment or system property, or in an application resource file: java.naming.factory.initial
2022-09-17 22:23:26,391  WARN [main] (J2EEUtil.java:506) - The code has NOT detected a need to introduce specific application server logic and is defaulting to using standard J2EE calls
2022-09-17 22:24:47,772  INFO [main] (ConnectionImpl.java:32) - Configuration property file search order:
    user.dir = D:\eclipse-workspace-us\FileNet_Out
    user.home = C:\Users\svadl
    java.home = C:\Program Files\Java\jdk-18.0.1
2022-09-17 22:24:47,796  INFO [main] (ConnectionImpl.java:32) - Loading configuration resource: FileNetBuild.properties
2022-09-17 22:24:47,824  INFO [main] (AuthnLogLog4j.java:25) - [J2EEType] Detecting app server : tried to get InitialContext but that did not work so will try other method; message from trial: Need to specify class name in environment or system property, or in an application resource file: java.naming.factory.initial
2022-09-17 22:24:47,825  WARN [main] (J2EEUtil.java:506) - The code has NOT detected a need to introduce specific application server logic and is defaulting to using standard J2EE calls
2022-09-17 22:41:26,852  INFO [main] (ConfigValueLookup.java:1506) - Configuration property file search order:
    user.dir = D:\eclipse-workspace-us\FileNet_Out
    user.home = C:\Users\svadl
    java.home = C:\Program Files\Java\jdk-18.0.1
2022-09-17 22:41:26,876  INFO [main] (ConfigValueLookup.java:1644) - Loading configuration resource: FileNetBuild.properties
2022-09-17 22:41:26,916  INFO [main] (AuthnLogLog4j.java:25) - [J2EEType] Detecting app server : tried to get InitialContext but that did not work so will try other method; message from trial: Need to specify class name in environment or system property, or in an application resource file: java.naming.factory.initial
2022-09-17 22:41:26,917  WARN [main] (J2EEUtil.java:506) - The code has NOT detected a need to introduce specific application server logic and is defaulting to using standard J2EE calls
2022-09-17 22:49:31,611  INFO [main] (ConfigValueLookup.java:1506) - Configuration property file search order:
    user.dir = D:\eclipse-workspace-us\FileNet_Out
    user.home = C:\Users\svadl
    java.home = C:\Program Files\Java\jdk-18.0.1
2022-09-17 22:49:31,640  INFO [main] (ConfigValueLookup.java:1644) - Loading configuration resource: FileNetBuild.properties
2022-09-17 22:49:31,680  INFO [main] (AuthnLogLog4j.java:25) - [J2EEType] Detecting app server : tried to get InitialContext but that did not work so will try other method; message from trial: Need to specify class name in environment or system property, or in an application resource file: java.naming.factory.initial
2022-09-17 22:49:31,681  WARN [main] (J2EEUtil.java:506) - The code has NOT detected a need to introduce specific application server logic and is defaulting to using standard J2EE calls
